<?xml version="1.0" encoding="UTF-8"?>
<testng-results ignored="0" total="1" passed="1" failed="0" skipped="0">
  <reporter-output>
  </reporter-output>
  <suite started-at="2024-05-09T21:00:10 IST" name="Default suite" finished-at="2024-05-09T21:12:30 IST" duration-ms="740160">
    <groups>
    </groups>
    <test started-at="2024-05-09T21:00:10 IST" name="Default test" finished-at="2024-05-09T21:12:30 IST" duration-ms="740160">
      <class name="testPackage.FireFoxBrowser">
        <test-method signature="run()[pri:0, instance:testPackage.FireFoxBrowser@51c668e3]" started-at="2024-05-09T21:00:10 IST" name="run" finished-at="2024-05-09T21:12:30 IST" duration-ms="740078" status="PASS">
          <reporter-output>
          </reporter-output>
        </test-method> <!-- run -->
      </class> <!-- testPackage.FireFoxBrowser -->
    </test> <!-- Default test -->
  </suite> <!-- Default suite -->
</testng-results>
